<?xml version="1.0" encoding="UTF-8"?>
<coverage generated="1652714432537" clover="3.2.0">
  <project timestamp="1652714432537" name="All files">
    <metrics statements="18" coveredstatements="15" conditionals="10" coveredconditionals="6" methods="8" coveredmethods="8" elements="36" coveredelements="29" complexity="0" loc="18" ncloc="18" packages="1" files="1" classes="1"/>
    <file name="functionsFortest.js" path="E:\Intelect Fox\if-js\src\functionsFortest.js">
      <metrics statements="18" coveredstatements="15" conditionals="10" coveredconditionals="6" methods="8" coveredmethods="8"/>
      <line num="2" count="2" type="stmt"/>
      <line num="3" count="2" type="stmt"/>
      <line num="7" count="1" type="cond" truecount="1" falsecount="1"/>
      <line num="11" count="1" type="cond" truecount="1" falsecount="1"/>
      <line num="15" count="2" type="stmt"/>
      <line num="16" count="3" type="cond" truecount="2" falsecount="0"/>
      <line num="17" count="2" type="stmt"/>
      <line num="18" count="2" type="cond" truecount="2" falsecount="0"/>
      <line num="19" count="1" type="stmt"/>
      <line num="21" count="1" type="stmt"/>
      <line num="24" count="1" type="stmt"/>
      <line num="28" count="2" type="stmt"/>
      <line num="31" count="1" type="stmt"/>
      <line num="33" count="1" type="stmt"/>
      <line num="34" count="1" type="stmt"/>
      <line num="35" count="0" type="stmt"/>
      <line num="36" count="0" type="stmt"/>
      <line num="37" count="0" type="cond" truecount="0" falsecount="2"/>
    </file>
  </project>
</coverage>
