<?xml version="1.0" encoding="UTF-8"?>
<coverage generated="1653487537270" clover="3.2.0">
  <project timestamp="1653487537270" name="All files">
    <metrics statements="18" coveredstatements="8" conditionals="10" coveredconditionals="2" methods="8" coveredmethods="3" elements="36" coveredelements="13" complexity="0" loc="18" ncloc="18" packages="1" files="1" classes="1"/>
    <file name="functionsFortest.js" path="E:\Intelect Fox\if-js\src\functionsFortest.js">
      <metrics statements="18" coveredstatements="8" conditionals="10" coveredconditionals="2" methods="8" coveredmethods="3"/>
      <line num="2" count="0" type="stmt"/>
      <line num="3" count="0" type="stmt"/>
      <line num="7" count="0" type="cond" truecount="0" falsecount="2"/>
      <line num="11" count="0" type="cond" truecount="0" falsecount="2"/>
      <line num="15" count="1" type="stmt"/>
      <line num="16" count="0" type="cond" truecount="0" falsecount="2"/>
      <line num="17" count="0" type="stmt"/>
      <line num="18" count="0" type="cond" truecount="0" falsecount="2"/>
      <line num="19" count="0" type="stmt"/>
      <line num="21" count="0" type="stmt"/>
      <line num="24" count="0" type="stmt"/>
      <line num="28" count="1" type="stmt"/>
      <line num="30" count="1" type="stmt"/>
      <line num="31" count="3" type="stmt"/>
      <line num="33" count="3" type="stmt"/>
      <line num="35" count="15" type="stmt"/>
      <line num="37" count="15" type="stmt"/>
      <line num="38" count="15" type="cond" truecount="2" falsecount="0"/>
    </file>
  </project>
</coverage>
