{"E:\\Intelect Fox\\if-js\\src\\functionsFortest.js": {"path":"E:\\Intelect Fox\\if-js\\src\\functionsFortest.js","statementMap":{"0":{"start":{"line":2,"column":20},"end":{"line":2,"column":66}},"1":{"start":{"line":3,"column":2},"end":{"line":3,"column":27}},"2":{"start":{"line":7,"column":2},"end":{"line":7,"column":23}},"3":{"start":{"line":11,"column":2},"end":{"line":11,"column":23}},"4":{"start":{"line":15,"column":2},"end":{"line":25,"column":4}},"5":{"start":{"line":16,"column":4},"end":{"line":23,"column":5}},"6":{"start":{"line":17,"column":6},"end":{"line":22,"column":8}},"7":{"start":{"line":18,"column":8},"end":{"line":20,"column":9}},"8":{"start":{"line":19,"column":10},"end":{"line":19,"column":23}},"9":{"start":{"line":21,"column":8},"end":{"line":21,"column":17}},"10":{"start":{"line":24,"column":4},"end":{"line":24,"column":16}},"11":{"start":{"line":28,"column":20},"end":{"line":28,"column":28}},"12":{"start":{"line":31,"column":10},"end":{"line":31,"column":11}},"13":{"start":{"line":33,"column":2},"end":{"line":38,"column":4}},"14":{"start":{"line":34,"column":20},"end":{"line":34,"column":25}},"15":{"start":{"line":35,"column":4},"end":{"line":35,"column":43}},"16":{"start":{"line":36,"column":4},"end":{"line":36,"column":11}},"17":{"start":{"line":37,"column":4},"end":{"line":37,"column":34}},"18":{"start":{"line":37,"column":28},"end":{"line":37,"column":34}}},"fnMap":{"0":{"name":"palindrome","decl":{"start":{"line":1,"column":16},"end":{"line":1,"column":26}},"loc":{"start":{"line":1,"column":32},"end":{"line":4,"column":1}},"line":1},"1":{"name":"min","decl":{"start":{"line":6,"column":16},"end":{"line":6,"column":19}},"loc":{"start":{"line":6,"column":26},"end":{"line":8,"column":1}},"line":6},"2":{"name":"max","decl":{"start":{"line":10,"column":16},"end":{"line":10,"column":19}},"loc":{"start":{"line":10,"column":26},"end":{"line":12,"column":1}},"line":10},"3":{"name":"sumFun","decl":{"start":{"line":14,"column":9},"end":{"line":14,"column":15}},"loc":{"start":{"line":14,"column":18},"end":{"line":26,"column":1}},"line":14},"4":{"name":"(anonymous_4)","decl":{"start":{"line":15,"column":9},"end":{"line":15,"column":10}},"loc":{"start":{"line":15,"column":16},"end":{"line":25,"column":3}},"line":15},"5":{"name":"(anonymous_5)","decl":{"start":{"line":17,"column":13},"end":{"line":17,"column":14}},"loc":{"start":{"line":17,"column":20},"end":{"line":22,"column":7}},"line":17},"6":{"name":"changeColor","decl":{"start":{"line":30,"column":16},"end":{"line":30,"column":27}},"loc":{"start":{"line":30,"column":36},"end":{"line":39,"column":1}},"line":30},"7":{"name":"(anonymous_7)","decl":{"start":{"line":33,"column":9},"end":{"line":33,"column":10}},"loc":{"start":{"line":33,"column":20},"end":{"line":38,"column":3}},"line":33}},"branchMap":{"0":{"loc":{"start":{"line":7,"column":9},"end":{"line":7,"column":22}},"type":"cond-expr","locations":[{"start":{"line":7,"column":17},"end":{"line":7,"column":18}},{"start":{"line":7,"column":21},"end":{"line":7,"column":22}}],"line":7},"1":{"loc":{"start":{"line":11,"column":9},"end":{"line":11,"column":22}},"type":"cond-expr","locations":[{"start":{"line":11,"column":17},"end":{"line":11,"column":18}},{"start":{"line":11,"column":21},"end":{"line":11,"column":22}}],"line":11},"2":{"loc":{"start":{"line":16,"column":4},"end":{"line":23,"column":5}},"type":"if","locations":[{"start":{"line":16,"column":4},"end":{"line":23,"column":5}},{"start":{},"end":{}}],"line":16},"3":{"loc":{"start":{"line":18,"column":8},"end":{"line":20,"column":9}},"type":"if","locations":[{"start":{"line":18,"column":8},"end":{"line":20,"column":9}},{"start":{},"end":{}}],"line":18},"4":{"loc":{"start":{"line":37,"column":4},"end":{"line":37,"column":34}},"type":"if","locations":[{"start":{"line":37,"column":4},"end":{"line":37,"column":34}},{"start":{},"end":{}}],"line":37}},"s":{"0":0,"1":0,"2":0,"3":0,"4":1,"5":0,"6":0,"7":0,"8":0,"9":0,"10":0,"11":1,"12":1,"13":1,"14":1,"15":1,"16":0,"17":0,"18":0},"f":{"0":0,"1":0,"2":0,"3":1,"4":0,"5":0,"6":1,"7":1},"b":{"0":[0,0],"1":[0,0],"2":[0,0],"3":[0,0],"4":[0,0]},"_coverageSchema":"1a1c01bbd47fc00a2c39e90264f33305004495a9","hash":"221263ae7433d874c7086c90f052426b022b53bf"}
}
