TN:
SF:src\functionsFortest.js
FN:1,palindrome
FN:6,min
FN:10,max
FN:14,sumFun
FN:15,(anonymous_4)
FN:17,(anonymous_5)
FN:30,(anonymous_6)
FN:33,(anonymous_7)
FNF:8
FNH:3
FNDA:0,palindrome
FNDA:0,min
FNDA:0,max
FNDA:1,sumFun
FNDA:0,(anonymous_4)
FNDA:0,(anonymous_5)
FNDA:3,(anonymous_6)
FNDA:15,(anonymous_7)
DA:2,0
DA:3,0
DA:7,0
DA:11,0
DA:15,1
DA:16,0
DA:17,0
DA:18,0
DA:19,0
DA:21,0
DA:24,0
DA:28,1
DA:30,1
DA:31,3
DA:33,3
DA:35,15
DA:37,15
DA:38,15
LF:18
LH:8
BRDA:7,0,0,0
BRDA:7,0,1,0
BRDA:11,1,0,0
BRDA:11,1,1,0
BRDA:16,2,0,0
BRDA:16,2,1,0
BRDA:18,3,0,0
BRDA:18,3,1,0
BRDA:38,4,0,3
BRDA:38,4,1,12
BRF:10
BRH:2
end_of_record
